<?xml version="1.0" encoding="UTF-8"?>
<testsuite xmlns:xsi="http://www.w3.org/2001/XMLSchema-instance" xsi:noNamespaceSchemaLocation="https://maven.apache.org/surefire/maven-surefire-plugin/xsd/surefire-test-report-3.0.xsd" version="3.0" name="runner.RunCucumberTest" time="29.966" tests="6" errors="2" skipped="2" failures="0">
  <properties>
    <property name="sun.desktop" value="windows"/>
    <property name="awt.toolkit" value="sun.awt.windows.WToolkit"/>
    <property name="file.encoding.pkg" value="sun.io"/>
    <property name="java.specification.version" value="1.8"/>
    <property name="sun.cpu.isalist" value="amd64"/>
    <property name="sun.jnu.encoding" value="Cp1252"/>
    <property name="java.class.path" value="C:\automationpractice\automationpractice\target\test-classes;C:\automationpractice\automationpractice\target\classes;C:\Users\luanm\.m2\repository\info\cukes\cucumber-junit\1.2.5\cucumber-junit-1.2.5.jar;C:\Users\luanm\.m2\repository\info\cukes\cucumber-core\1.2.5\cucumber-core-1.2.5.jar;C:\Users\luanm\.m2\repository\info\cukes\cucumber-html\0.2.3\cucumber-html-0.2.3.jar;C:\Users\luanm\.m2\repository\info\cukes\cucumber-jvm-deps\1.0.5\cucumber-jvm-deps-1.0.5.jar;C:\Users\luanm\.m2\repository\info\cukes\gherkin\2.12.2\gherkin-2.12.2.jar;C:\Users\luanm\.m2\repository\junit\junit\4.12\junit-4.12.jar;C:\Users\luanm\.m2\repository\org\hamcrest\hamcrest-core\1.3\hamcrest-core-1.3.jar;C:\Users\luanm\.m2\repository\info\cukes\cucumber-java\1.2.5\cucumber-java-1.2.5.jar;C:\Users\luanm\.m2\repository\org\seleniumhq\selenium\selenium-java\3.141.59\selenium-java-3.141.59.jar;C:\Users\luanm\.m2\repository\org\seleniumhq\selenium\selenium-api\3.141.59\selenium-api-3.141.59.jar;C:\Users\luanm\.m2\repository\org\seleniumhq\selenium\selenium-chrome-driver\3.141.59\selenium-chrome-driver-3.141.59.jar;C:\Users\luanm\.m2\repository\org\seleniumhq\selenium\selenium-edge-driver\3.141.59\selenium-edge-driver-3.141.59.jar;C:\Users\luanm\.m2\repository\org\seleniumhq\selenium\selenium-firefox-driver\3.141.59\selenium-firefox-driver-3.141.59.jar;C:\Users\luanm\.m2\repository\org\seleniumhq\selenium\selenium-ie-driver\3.141.59\selenium-ie-driver-3.141.59.jar;C:\Users\luanm\.m2\repository\org\seleniumhq\selenium\selenium-opera-driver\3.141.59\selenium-opera-driver-3.141.59.jar;C:\Users\luanm\.m2\repository\org\seleniumhq\selenium\selenium-remote-driver\3.141.59\selenium-remote-driver-3.141.59.jar;C:\Users\luanm\.m2\repository\org\seleniumhq\selenium\selenium-safari-driver\3.141.59\selenium-safari-driver-3.141.59.jar;C:\Users\luanm\.m2\repository\org\seleniumhq\selenium\selenium-support\3.141.59\selenium-support-3.141.59.jar;C:\Users\luanm\.m2\repository\net\bytebuddy\byte-buddy\1.8.15\byte-buddy-1.8.15.jar;C:\Users\luanm\.m2\repository\org\apache\commons\commons-exec\1.3\commons-exec-1.3.jar;C:\Users\luanm\.m2\repository\com\google\guava\guava\25.0-jre\guava-25.0-jre.jar;C:\Users\luanm\.m2\repository\com\google\code\findbugs\jsr305\1.3.9\jsr305-1.3.9.jar;C:\Users\luanm\.m2\repository\org\checkerframework\checker-compat-qual\2.0.0\checker-compat-qual-2.0.0.jar;C:\Users\luanm\.m2\repository\com\google\errorprone\error_prone_annotations\2.1.3\error_prone_annotations-2.1.3.jar;C:\Users\luanm\.m2\repository\com\google\j2objc\j2objc-annotations\1.1\j2objc-annotations-1.1.jar;C:\Users\luanm\.m2\repository\org\codehaus\mojo\animal-sniffer-annotations\1.14\animal-sniffer-annotations-1.14.jar;C:\Users\luanm\.m2\repository\com\squareup\okhttp3\okhttp\3.11.0\okhttp-3.11.0.jar;C:\Users\luanm\.m2\repository\com\squareup\okio\okio\1.14.0\okio-1.14.0.jar;C:\Users\luanm\.m2\repository\com\trivago\rta\cluecumber-report-plugin\1.2.0\cluecumber-report-plugin-1.2.0.jar;C:\Users\luanm\.m2\repository\org\apache\maven\maven-plugin-api\3.5.2\maven-plugin-api-3.5.2.jar;C:\Users\luanm\.m2\repository\org\apache\maven\maven-model\3.5.2\maven-model-3.5.2.jar;C:\Users\luanm\.m2\repository\org\apache\commons\commons-lang3\3.5\commons-lang3-3.5.jar;C:\Users\luanm\.m2\repository\org\apache\maven\maven-artifact\3.5.2\maven-artifact-3.5.2.jar;C:\Users\luanm\.m2\repository\org\eclipse\sisu\org.eclipse.sisu.plexus\0.3.3\org.eclipse.sisu.plexus-0.3.3.jar;C:\Users\luanm\.m2\repository\javax\enterprise\cdi-api\1.0\cdi-api-1.0.jar;C:\Users\luanm\.m2\repository\javax\annotation\jsr250-api\1.0\jsr250-api-1.0.jar;C:\Users\luanm\.m2\repository\org\eclipse\sisu\org.eclipse.sisu.inject\0.3.3\org.eclipse.sisu.inject-0.3.3.jar;C:\Users\luanm\.m2\repository\org\codehaus\plexus\plexus-classworlds\2.5.2\plexus-classworlds-2.5.2.jar;C:\Users\luanm\.m2\repository\org\apache\maven\maven-compat\3.5.2\maven-compat-3.5.2.jar;C:\Users\luanm\.m2\repository\org\apache\maven\maven-model-builder\3.5.2\maven-model-builder-3.5.2.jar;C:\Users\luanm\.m2\repository\org\apache\maven\maven-builder-support\3.5.2\maven-builder-support-3.5.2.jar;C:\Users\luanm\.m2\repository\org\apache\maven\maven-settings\3.5.2\maven-settings-3.5.2.jar;C:\Users\luanm\.m2\repository\org\apache\maven\maven-settings-builder\3.5.2\maven-settings-builder-3.5.2.jar;C:\Users\luanm\.m2\repository\org\sonatype\plexus\plexus-sec-dispatcher\1.4\plexus-sec-dispatcher-1.4.jar;C:\Users\luanm\.m2\repository\org\sonatype\plexus\plexus-cipher\1.4\plexus-cipher-1.4.jar;C:\Users\luanm\.m2\repository\org\apache\maven\maven-core\3.5.2\maven-core-3.5.2.jar;C:\Users\luanm\.m2\repository\org\apache\maven\resolver\maven-resolver-spi\1.1.0\maven-resolver-spi-1.1.0.jar;C:\Users\luanm\.m2\repository\org\apache\maven\shared\maven-shared-utils\3.1.0\maven-shared-utils-3.1.0.jar;C:\Users\luanm\.m2\repository\commons-io\commons-io\2.5\commons-io-2.5.jar;C:\Users\luanm\.m2\repository\com\google\inject\guice\4.0\guice-4.0-no_aop.jar;C:\Users\luanm\.m2\repository\aopalliance\aopalliance\1.0\aopalliance-1.0.jar;C:\Users\luanm\.m2\repository\javax\inject\javax.inject\1\javax.inject-1.jar;C:\Users\luanm\.m2\repository\org\apache\maven\maven-resolver-provider\3.5.2\maven-resolver-provider-3.5.2.jar;C:\Users\luanm\.m2\repository\org\apache\maven\maven-repository-metadata\3.5.2\maven-repository-metadata-3.5.2.jar;C:\Users\luanm\.m2\repository\org\apache\maven\resolver\maven-resolver-api\1.1.0\maven-resolver-api-1.1.0.jar;C:\Users\luanm\.m2\repository\org\apache\maven\resolver\maven-resolver-util\1.1.0\maven-resolver-util-1.1.0.jar;C:\Users\luanm\.m2\repository\org\apache\maven\resolver\maven-resolver-impl\1.1.0\maven-resolver-impl-1.1.0.jar;C:\Users\luanm\.m2\repository\org\codehaus\plexus\plexus-interpolation\1.24\plexus-interpolation-1.24.jar;C:\Users\luanm\.m2\repository\org\codehaus\plexus\plexus-component-annotations\1.7.1\plexus-component-annotations-1.7.1.jar;C:\Users\luanm\.m2\repository\org\apache\maven\wagon\wagon-provider-api\2.12\wagon-provider-api-2.12.jar;C:\Users\luanm\.m2\repository\com\google\code\gson\gson\2.8.2\gson-2.8.2.jar;C:\Users\luanm\.m2\repository\io\gsonfire\gson-fire\1.8.3\gson-fire-1.8.3.jar;C:\Users\luanm\.m2\repository\org\freemarker\freemarker\2.3.28\freemarker-2.3.28.jar;C:\Users\luanm\.m2\repository\org\codehaus\plexus\plexus-utils\3.1.0\plexus-utils-3.1.0.jar;C:\Users\luanm\.m2\repository\org\jsoup\jsoup\1.11.3\jsoup-1.11.3.jar;C:\Users\luanm\.m2\repository\uk\com\robust-it\cloning\1.9.10\cloning-1.9.10.jar;C:\Users\luanm\.m2\repository\org\objenesis\objenesis\2.6\objenesis-2.6.jar;C:\Users\luanm\.m2\repository\org\apache\maven\plugins\maven-surefire-plugin\3.0.0-M5\maven-surefire-plugin-3.0.0-M5.jar;C:\Users\luanm\.m2\repository\org\apache\maven\surefire\maven-surefire-common\3.0.0-M5\maven-surefire-common-3.0.0-M5.jar;C:\Users\luanm\.m2\repository\org\apache\maven\surefire\surefire-api\3.0.0-M5\surefire-api-3.0.0-M5.jar;C:\Users\luanm\.m2\repository\org\apache\maven\surefire\surefire-logger-api\3.0.0-M5\surefire-logger-api-3.0.0-M5.jar;C:\Users\luanm\.m2\repository\org\apache\maven\surefire\surefire-extensions-api\3.0.0-M5\surefire-extensions-api-3.0.0-M5.jar;C:\Users\luanm\.m2\repository\org\apache\maven\surefire\surefire-booter\3.0.0-M5\surefire-booter-3.0.0-M5.jar;C:\Users\luanm\.m2\repository\org\apache\maven\surefire\surefire-extensions-spi\3.0.0-M5\surefire-extensions-spi-3.0.0-M5.jar;C:\Users\luanm\.m2\repository\org\apache\maven\maven-toolchain\3.0-alpha-2\maven-toolchain-3.0-alpha-2.jar;C:\Users\luanm\.m2\repository\org\apache\maven\shared\maven-artifact-transfer\0.11.0\maven-artifact-transfer-0.11.0.jar;C:\Users\luanm\.m2\repository\org\apache\maven\shared\maven-common-artifact-filters\3.0.1\maven-common-artifact-filters-3.0.1.jar;C:\Users\luanm\.m2\repository\org\sonatype\sisu\sisu-inject-plexus\1.4.2\sisu-inject-plexus-1.4.2.jar;C:\Users\luanm\.m2\repository\org\sonatype\sisu\sisu-inject-bean\1.4.2\sisu-inject-bean-1.4.2.jar;C:\Users\luanm\.m2\repository\org\sonatype\sisu\sisu-guice\2.1.7\sisu-guice-2.1.7-noaop.jar;C:\Users\luanm\.m2\repository\commons-codec\commons-codec\1.11\commons-codec-1.11.jar;C:\Users\luanm\.m2\repository\org\codehaus\plexus\plexus-java\1.0.5\plexus-java-1.0.5.jar;C:\Users\luanm\.m2\repository\org\ow2\asm\asm\7.2\asm-7.2.jar;C:\Users\luanm\.m2\repository\com\thoughtworks\qdox\qdox\2.0-M9\qdox-2.0-M9.jar;C:\Users\luanm\.m2\repository\org\apache\maven\surefire\surefire-shared-utils\3.0.0-M4\surefire-shared-utils-3.0.0-M4.jar;"/>
    <property name="java.vm.vendor" value="Oracle Corporation"/>
    <property name="sun.arch.data.model" value="64"/>
    <property name="user.variant" value=""/>
    <property name="java.vendor.url" value="http://java.oracle.com/"/>
    <property name="user.timezone" value="America/Sao_Paulo"/>
    <property name="java.vm.specification.version" value="1.8"/>
    <property name="os.name" value="Windows 11"/>
    <property name="user.country" value="BR"/>
    <property name="sun.java.launcher" value="SUN_STANDARD"/>
    <property name="sun.boot.library.path" value="C:\Program Files\Java\jdk1.8.0_331\jre\bin"/>
    <property name="sun.java.command" value="C:\Users\luanm\AppData\Local\Temp\surefire4315047996507470129\surefirebooter3130739973401425311.jar C:\Users\luanm\AppData\Local\Temp\surefire4315047996507470129 2022-08-04T15-24-36_550-jvmRun1 surefire3999975028593745762tmp surefire_08326952436606509637tmp"/>
    <property name="surefire.test.class.path" value="C:\automationpractice\automationpractice\target\test-classes;C:\automationpractice\automationpractice\target\classes;C:\Users\luanm\.m2\repository\info\cukes\cucumber-junit\1.2.5\cucumber-junit-1.2.5.jar;C:\Users\luanm\.m2\repository\info\cukes\cucumber-core\1.2.5\cucumber-core-1.2.5.jar;C:\Users\luanm\.m2\repository\info\cukes\cucumber-html\0.2.3\cucumber-html-0.2.3.jar;C:\Users\luanm\.m2\repository\info\cukes\cucumber-jvm-deps\1.0.5\cucumber-jvm-deps-1.0.5.jar;C:\Users\luanm\.m2\repository\info\cukes\gherkin\2.12.2\gherkin-2.12.2.jar;C:\Users\luanm\.m2\repository\junit\junit\4.12\junit-4.12.jar;C:\Users\luanm\.m2\repository\org\hamcrest\hamcrest-core\1.3\hamcrest-core-1.3.jar;C:\Users\luanm\.m2\repository\info\cukes\cucumber-java\1.2.5\cucumber-java-1.2.5.jar;C:\Users\luanm\.m2\repository\org\seleniumhq\selenium\selenium-java\3.141.59\selenium-java-3.141.59.jar;C:\Users\luanm\.m2\repository\org\seleniumhq\selenium\selenium-api\3.141.59\selenium-api-3.141.59.jar;C:\Users\luanm\.m2\repository\org\seleniumhq\selenium\selenium-chrome-driver\3.141.59\selenium-chrome-driver-3.141.59.jar;C:\Users\luanm\.m2\repository\org\seleniumhq\selenium\selenium-edge-driver\3.141.59\selenium-edge-driver-3.141.59.jar;C:\Users\luanm\.m2\repository\org\seleniumhq\selenium\selenium-firefox-driver\3.141.59\selenium-firefox-driver-3.141.59.jar;C:\Users\luanm\.m2\repository\org\seleniumhq\selenium\selenium-ie-driver\3.141.59\selenium-ie-driver-3.141.59.jar;C:\Users\luanm\.m2\repository\org\seleniumhq\selenium\selenium-opera-driver\3.141.59\selenium-opera-driver-3.141.59.jar;C:\Users\luanm\.m2\repository\org\seleniumhq\selenium\selenium-remote-driver\3.141.59\selenium-remote-driver-3.141.59.jar;C:\Users\luanm\.m2\repository\org\seleniumhq\selenium\selenium-safari-driver\3.141.59\selenium-safari-driver-3.141.59.jar;C:\Users\luanm\.m2\repository\org\seleniumhq\selenium\selenium-support\3.141.59\selenium-support-3.141.59.jar;C:\Users\luanm\.m2\repository\net\bytebuddy\byte-buddy\1.8.15\byte-buddy-1.8.15.jar;C:\Users\luanm\.m2\repository\org\apache\commons\commons-exec\1.3\commons-exec-1.3.jar;C:\Users\luanm\.m2\repository\com\google\guava\guava\25.0-jre\guava-25.0-jre.jar;C:\Users\luanm\.m2\repository\com\google\code\findbugs\jsr305\1.3.9\jsr305-1.3.9.jar;C:\Users\luanm\.m2\repository\org\checkerframework\checker-compat-qual\2.0.0\checker-compat-qual-2.0.0.jar;C:\Users\luanm\.m2\repository\com\google\errorprone\error_prone_annotations\2.1.3\error_prone_annotations-2.1.3.jar;C:\Users\luanm\.m2\repository\com\google\j2objc\j2objc-annotations\1.1\j2objc-annotations-1.1.jar;C:\Users\luanm\.m2\repository\org\codehaus\mojo\animal-sniffer-annotations\1.14\animal-sniffer-annotations-1.14.jar;C:\Users\luanm\.m2\repository\com\squareup\okhttp3\okhttp\3.11.0\okhttp-3.11.0.jar;C:\Users\luanm\.m2\repository\com\squareup\okio\okio\1.14.0\okio-1.14.0.jar;C:\Users\luanm\.m2\repository\com\trivago\rta\cluecumber-report-plugin\1.2.0\cluecumber-report-plugin-1.2.0.jar;C:\Users\luanm\.m2\repository\org\apache\maven\maven-plugin-api\3.5.2\maven-plugin-api-3.5.2.jar;C:\Users\luanm\.m2\repository\org\apache\maven\maven-model\3.5.2\maven-model-3.5.2.jar;C:\Users\luanm\.m2\repository\org\apache\commons\commons-lang3\3.5\commons-lang3-3.5.jar;C:\Users\luanm\.m2\repository\org\apache\maven\maven-artifact\3.5.2\maven-artifact-3.5.2.jar;C:\Users\luanm\.m2\repository\org\eclipse\sisu\org.eclipse.sisu.plexus\0.3.3\org.eclipse.sisu.plexus-0.3.3.jar;C:\Users\luanm\.m2\repository\javax\enterprise\cdi-api\1.0\cdi-api-1.0.jar;C:\Users\luanm\.m2\repository\javax\annotation\jsr250-api\1.0\jsr250-api-1.0.jar;C:\Users\luanm\.m2\repository\org\eclipse\sisu\org.eclipse.sisu.inject\0.3.3\org.eclipse.sisu.inject-0.3.3.jar;C:\Users\luanm\.m2\repository\org\codehaus\plexus\plexus-classworlds\2.5.2\plexus-classworlds-2.5.2.jar;C:\Users\luanm\.m2\repository\org\apache\maven\maven-compat\3.5.2\maven-compat-3.5.2.jar;C:\Users\luanm\.m2\repository\org\apache\maven\maven-model-builder\3.5.2\maven-model-builder-3.5.2.jar;C:\Users\luanm\.m2\repository\org\apache\maven\maven-builder-support\3.5.2\maven-builder-support-3.5.2.jar;C:\Users\luanm\.m2\repository\org\apache\maven\maven-settings\3.5.2\maven-settings-3.5.2.jar;C:\Users\luanm\.m2\repository\org\apache\maven\maven-settings-builder\3.5.2\maven-settings-builder-3.5.2.jar;C:\Users\luanm\.m2\repository\org\sonatype\plexus\plexus-sec-dispatcher\1.4\plexus-sec-dispatcher-1.4.jar;C:\Users\luanm\.m2\repository\org\sonatype\plexus\plexus-cipher\1.4\plexus-cipher-1.4.jar;C:\Users\luanm\.m2\repository\org\apache\maven\maven-core\3.5.2\maven-core-3.5.2.jar;C:\Users\luanm\.m2\repository\org\apache\maven\resolver\maven-resolver-spi\1.1.0\maven-resolver-spi-1.1.0.jar;C:\Users\luanm\.m2\repository\org\apache\maven\shared\maven-shared-utils\3.1.0\maven-shared-utils-3.1.0.jar;C:\Users\luanm\.m2\repository\commons-io\commons-io\2.5\commons-io-2.5.jar;C:\Users\luanm\.m2\repository\com\google\inject\guice\4.0\guice-4.0-no_aop.jar;C:\Users\luanm\.m2\repository\aopalliance\aopalliance\1.0\aopalliance-1.0.jar;C:\Users\luanm\.m2\repository\javax\inject\javax.inject\1\javax.inject-1.jar;C:\Users\luanm\.m2\repository\org\apache\maven\maven-resolver-provider\3.5.2\maven-resolver-provider-3.5.2.jar;C:\Users\luanm\.m2\repository\org\apache\maven\maven-repository-metadata\3.5.2\maven-repository-metadata-3.5.2.jar;C:\Users\luanm\.m2\repository\org\apache\maven\resolver\maven-resolver-api\1.1.0\maven-resolver-api-1.1.0.jar;C:\Users\luanm\.m2\repository\org\apache\maven\resolver\maven-resolver-util\1.1.0\maven-resolver-util-1.1.0.jar;C:\Users\luanm\.m2\repository\org\apache\maven\resolver\maven-resolver-impl\1.1.0\maven-resolver-impl-1.1.0.jar;C:\Users\luanm\.m2\repository\org\codehaus\plexus\plexus-interpolation\1.24\plexus-interpolation-1.24.jar;C:\Users\luanm\.m2\repository\org\codehaus\plexus\plexus-component-annotations\1.7.1\plexus-component-annotations-1.7.1.jar;C:\Users\luanm\.m2\repository\org\apache\maven\wagon\wagon-provider-api\2.12\wagon-provider-api-2.12.jar;C:\Users\luanm\.m2\repository\com\google\code\gson\gson\2.8.2\gson-2.8.2.jar;C:\Users\luanm\.m2\repository\io\gsonfire\gson-fire\1.8.3\gson-fire-1.8.3.jar;C:\Users\luanm\.m2\repository\org\freemarker\freemarker\2.3.28\freemarker-2.3.28.jar;C:\Users\luanm\.m2\repository\org\codehaus\plexus\plexus-utils\3.1.0\plexus-utils-3.1.0.jar;C:\Users\luanm\.m2\repository\org\jsoup\jsoup\1.11.3\jsoup-1.11.3.jar;C:\Users\luanm\.m2\repository\uk\com\robust-it\cloning\1.9.10\cloning-1.9.10.jar;C:\Users\luanm\.m2\repository\org\objenesis\objenesis\2.6\objenesis-2.6.jar;C:\Users\luanm\.m2\repository\org\apache\maven\plugins\maven-surefire-plugin\3.0.0-M5\maven-surefire-plugin-3.0.0-M5.jar;C:\Users\luanm\.m2\repository\org\apache\maven\surefire\maven-surefire-common\3.0.0-M5\maven-surefire-common-3.0.0-M5.jar;C:\Users\luanm\.m2\repository\org\apache\maven\surefire\surefire-api\3.0.0-M5\surefire-api-3.0.0-M5.jar;C:\Users\luanm\.m2\repository\org\apache\maven\surefire\surefire-logger-api\3.0.0-M5\surefire-logger-api-3.0.0-M5.jar;C:\Users\luanm\.m2\repository\org\apache\maven\surefire\surefire-extensions-api\3.0.0-M5\surefire-extensions-api-3.0.0-M5.jar;C:\Users\luanm\.m2\repository\org\apache\maven\surefire\surefire-booter\3.0.0-M5\surefire-booter-3.0.0-M5.jar;C:\Users\luanm\.m2\repository\org\apache\maven\surefire\surefire-extensions-spi\3.0.0-M5\surefire-extensions-spi-3.0.0-M5.jar;C:\Users\luanm\.m2\repository\org\apache\maven\maven-toolchain\3.0-alpha-2\maven-toolchain-3.0-alpha-2.jar;C:\Users\luanm\.m2\repository\org\apache\maven\shared\maven-artifact-transfer\0.11.0\maven-artifact-transfer-0.11.0.jar;C:\Users\luanm\.m2\repository\org\apache\maven\shared\maven-common-artifact-filters\3.0.1\maven-common-artifact-filters-3.0.1.jar;C:\Users\luanm\.m2\repository\org\sonatype\sisu\sisu-inject-plexus\1.4.2\sisu-inject-plexus-1.4.2.jar;C:\Users\luanm\.m2\repository\org\sonatype\sisu\sisu-inject-bean\1.4.2\sisu-inject-bean-1.4.2.jar;C:\Users\luanm\.m2\repository\org\sonatype\sisu\sisu-guice\2.1.7\sisu-guice-2.1.7-noaop.jar;C:\Users\luanm\.m2\repository\commons-codec\commons-codec\1.11\commons-codec-1.11.jar;C:\Users\luanm\.m2\repository\org\codehaus\plexus\plexus-java\1.0.5\plexus-java-1.0.5.jar;C:\Users\luanm\.m2\repository\org\ow2\asm\asm\7.2\asm-7.2.jar;C:\Users\luanm\.m2\repository\com\thoughtworks\qdox\qdox\2.0-M9\qdox-2.0-M9.jar;C:\Users\luanm\.m2\repository\org\apache\maven\surefire\surefire-shared-utils\3.0.0-M4\surefire-shared-utils-3.0.0-M4.jar;"/>
    <property name="sun.cpu.endian" value="little"/>
    <property name="user.home" value="C:\Users\luanm"/>
    <property name="user.language" value="pt"/>
    <property name="java.specification.vendor" value="Oracle Corporation"/>
    <property name="java.home" value="C:\Program Files\Java\jdk1.8.0_331\jre"/>
    <property name="basedir" value="C:\automationpractice\automationpractice"/>
    <property name="file.separator" value="\"/>
    <property name="line.separator" value="&#10;"/>
    <property name="java.vm.specification.vendor" value="Oracle Corporation"/>
    <property name="java.specification.name" value="Java Platform API Specification"/>
    <property name="java.awt.graphicsenv" value="sun.awt.Win32GraphicsEnvironment"/>
    <property name="surefire.real.class.path" value="C:\Users\luanm\AppData\Local\Temp\surefire4315047996507470129\surefirebooter3130739973401425311.jar"/>
    <property name="sun.boot.class.path" value="C:\Program Files\Java\jdk1.8.0_331\jre\lib\resources.jar;C:\Program Files\Java\jdk1.8.0_331\jre\lib\rt.jar;C:\Program Files\Java\jdk1.8.0_331\jre\lib\sunrsasign.jar;C:\Program Files\Java\jdk1.8.0_331\jre\lib\jsse.jar;C:\Program Files\Java\jdk1.8.0_331\jre\lib\jce.jar;C:\Program Files\Java\jdk1.8.0_331\jre\lib\charsets.jar;C:\Program Files\Java\jdk1.8.0_331\jre\lib\jfr.jar;C:\Program Files\Java\jdk1.8.0_331\jre\classes"/>
    <property name="user.script" value=""/>
    <property name="sun.management.compiler" value="HotSpot 64-Bit Tiered Compilers"/>
    <property name="java.runtime.version" value="1.8.0_331-b09"/>
    <property name="user.name" value="Visitante"/>
    <property name="path.separator" value=";"/>
    <property name="os.version" value="10.0"/>
    <property name="java.endorsed.dirs" value="C:\Program Files\Java\jdk1.8.0_331\jre\lib\endorsed"/>
    <property name="java.runtime.name" value="Java(TM) SE Runtime Environment"/>
    <property name="file.encoding" value="Cp1252"/>
    <property name="java.vm.name" value="Java HotSpot(TM) 64-Bit Server VM"/>
    <property name="localRepository" value="C:\Users\luanm\.m2\repository"/>
    <property name="java.vendor.url.bug" value="http://bugreport.sun.com/bugreport/"/>
    <property name="java.io.tmpdir" value="C:\Users\luanm\AppData\Local\Temp\"/>
    <property name="java.version" value="1.8.0_331"/>
    <property name="user.dir" value="C:\automationpractice\automationpractice"/>
    <property name="os.arch" value="amd64"/>
    <property name="java.vm.specification.name" value="Java Virtual Machine Specification"/>
    <property name="java.awt.printerjob" value="sun.awt.windows.WPrinterJob"/>
    <property name="sun.os.patch.level" value=""/>
    <property name="java.library.path" value="C:\Program Files\Java\jdk1.8.0_331\jre\bin;C:\WINDOWS\Sun\Java\bin;C:\WINDOWS\system32;C:\WINDOWS;C:\Program Files (x86)\Common Files\Oracle\Java\javapath;C:\WINDOWS\system32;C:\WINDOWS;C:\WINDOWS\System32\Wbem;C:\WINDOWS\System32\WindowsPowerShell\v1.0\;C:\WINDOWS\System32\OpenSSH\;C:\Program Files\Microsoft SQL Server\150\Tools\Binn\;C:\Program Files\dotnet\;C:\Program Files (x86)\Git\cmd;C:\apache-maven-3.8.6-bin\apache-maven-3.8.6\bin;."/>
    <property name="java.vm.info" value="mixed mode"/>
    <property name="java.vendor" value="Oracle Corporation"/>
    <property name="java.vm.version" value="25.331-b09"/>
    <property name="java.ext.dirs" value="C:\Program Files\Java\jdk1.8.0_331\jre\lib\ext;C:\WINDOWS\Sun\Java\lib\ext"/>
    <property name="sun.io.unicode.encoding" value="UnicodeLittle"/>
    <property name="java.class.version" value="52.0"/>
  </properties>
  <testcase name="Dado que estou na tela de login" classname="Cenario: Registrar novo usuario com sucesso" time="0">
    <system-err><![CDATA[Starting ChromeDriver 104.0.5112.29 (eff877e18f767c77fef0481a1cba402c8cbad404-refs/branch-heads/5112@{#422}) on port 34866
Only local connections are allowed.
Please see https://chromedriver.chromium.org/security-considerations for suggestions on keeping ChromeDriver safe.
ChromeDriver was started successfully.
ago 04, 2022 3:24:42 PM org.openqa.selenium.remote.ProtocolHandshake createSession
INFORMAÇÕES: Detected dialect: W3C
]]></system-err>
  </testcase>
  <testcase name="E acesso o cadastro de usuario" classname="Cenario: Registrar novo usuario com sucesso" time="0"/>
  <testcase name="Quando eu preencho o formulario de cadastro" classname="Cenario: Registrar novo usuario com sucesso" time="0.015">
    <error message="Expected condition failed: waiting for element to be clickable: By.id: id_gender1 (tried for 20 second(s) with 500 milliseconds interval)&#10;Build info: version: &apos;3.141.59&apos;, revision: &apos;e82be7d358&apos;, time: &apos;2018-11-14T08:17:03&apos;&#10;System info: host: &apos;LAPTOP-B8DG73BL&apos;, ip: &apos;192.168.1.17&apos;, os.name: &apos;Windows 11&apos;, os.arch: &apos;amd64&apos;, os.version: &apos;10.0&apos;, java.version: &apos;1.8.0_331&apos;&#10;Driver info: org.openqa.selenium.chrome.ChromeDriver&#10;Capabilities {acceptInsecureCerts: false, browserName: chrome, browserVersion: 104.0.5112.81, chrome: {chromedriverVersion: 104.0.5112.29 (eff877e18f76..., userDataDir: C:\Users\luanm\AppData\Loca...}, goog:chromeOptions: {debuggerAddress: localhost:56915}, javascriptEnabled: true, networkConnectionEnabled: false, pageLoadStrategy: normal, platform: WINDOWS, platformName: WINDOWS, proxy: Proxy(), setWindowRect: true, strictFileInteractability: false, timeouts: {implicit: 0, pageLoad: 300000, script: 30000}, unhandledPromptBehavior: dismiss and notify, webauthn:extension:credBlob: true, webauthn:extension:largeBlob: true, webauthn:virtualAuthenticators: true}&#10;Session ID: dfee4539c3d8641448c285a79c67902a" type="org.openqa.selenium.TimeoutException"><![CDATA[org.openqa.selenium.TimeoutException: 
Expected condition failed: waiting for element to be clickable: By.id: id_gender1 (tried for 20 second(s) with 500 milliseconds interval)
Build info: version: '3.141.59', revision: 'e82be7d358', time: '2018-11-14T08:17:03'
System info: host: 'LAPTOP-B8DG73BL', ip: '192.168.1.17', os.name: 'Windows 11', os.arch: 'amd64', os.version: '10.0', java.version: '1.8.0_331'
Driver info: org.openqa.selenium.chrome.ChromeDriver
Capabilities {acceptInsecureCerts: false, browserName: chrome, browserVersion: 104.0.5112.81, chrome: {chromedriverVersion: 104.0.5112.29 (eff877e18f76..., userDataDir: C:\Users\luanm\AppData\Loca...}, goog:chromeOptions: {debuggerAddress: localhost:56915}, javascriptEnabled: true, networkConnectionEnabled: false, pageLoadStrategy: normal, platform: WINDOWS, platformName: WINDOWS, proxy: Proxy(), setWindowRect: true, strictFileInteractability: false, timeouts: {implicit: 0, pageLoad: 300000, script: 30000}, unhandledPromptBehavior: dismiss and notify, webauthn:extension:credBlob: true, webauthn:extension:largeBlob: true, webauthn:virtualAuthenticators: true}
Session ID: dfee4539c3d8641448c285a79c67902a
]]></error>
  </testcase>
  <testcase name="" classname="Cenario: Registrar novo usuario com sucesso" time="0.015">
    <error message="Expected condition failed: waiting for element to be clickable: By.id: id_gender1 (tried for 20 second(s) with 500 milliseconds interval)&#10;Build info: version: &apos;3.141.59&apos;, revision: &apos;e82be7d358&apos;, time: &apos;2018-11-14T08:17:03&apos;&#10;System info: host: &apos;LAPTOP-B8DG73BL&apos;, ip: &apos;192.168.1.17&apos;, os.name: &apos;Windows 11&apos;, os.arch: &apos;amd64&apos;, os.version: &apos;10.0&apos;, java.version: &apos;1.8.0_331&apos;&#10;Driver info: org.openqa.selenium.chrome.ChromeDriver&#10;Capabilities {acceptInsecureCerts: false, browserName: chrome, browserVersion: 104.0.5112.81, chrome: {chromedriverVersion: 104.0.5112.29 (eff877e18f76..., userDataDir: C:\Users\luanm\AppData\Loca...}, goog:chromeOptions: {debuggerAddress: localhost:56915}, javascriptEnabled: true, networkConnectionEnabled: false, pageLoadStrategy: normal, platform: WINDOWS, platformName: WINDOWS, proxy: Proxy(), setWindowRect: true, strictFileInteractability: false, timeouts: {implicit: 0, pageLoad: 300000, script: 30000}, unhandledPromptBehavior: dismiss and notify, webauthn:extension:credBlob: true, webauthn:extension:largeBlob: true, webauthn:virtualAuthenticators: true}&#10;Session ID: dfee4539c3d8641448c285a79c67902a" type="org.openqa.selenium.TimeoutException"><![CDATA[org.openqa.selenium.TimeoutException: 
Expected condition failed: waiting for element to be clickable: By.id: id_gender1 (tried for 20 second(s) with 500 milliseconds interval)
Build info: version: '3.141.59', revision: 'e82be7d358', time: '2018-11-14T08:17:03'
System info: host: 'LAPTOP-B8DG73BL', ip: '192.168.1.17', os.name: 'Windows 11', os.arch: 'amd64', os.version: '10.0', java.version: '1.8.0_331'
Driver info: org.openqa.selenium.chrome.ChromeDriver
Capabilities {acceptInsecureCerts: false, browserName: chrome, browserVersion: 104.0.5112.81, chrome: {chromedriverVersion: 104.0.5112.29 (eff877e18f76..., userDataDir: C:\Users\luanm\AppData\Loca...}, goog:chromeOptions: {debuggerAddress: localhost:56915}, javascriptEnabled: true, networkConnectionEnabled: false, pageLoadStrategy: normal, platform: WINDOWS, platformName: WINDOWS, proxy: Proxy(), setWindowRect: true, strictFileInteractability: false, timeouts: {implicit: 0, pageLoad: 300000, script: 30000}, unhandledPromptBehavior: dismiss and notify, webauthn:extension:credBlob: true, webauthn:extension:largeBlob: true, webauthn:virtualAuthenticators: true}
Session ID: dfee4539c3d8641448c285a79c67902a
]]></error>
  </testcase>
  <testcase name="E clcio em registrar" classname="Cenario: Registrar novo usuario com sucesso" time="0">
    <skipped/>
  </testcase>
  <testcase name="Entao vejo cadastro realizado com sucesso" classname="Cenario: Registrar novo usuario com sucesso" time="0">
    <skipped/>
  </testcase>
</testsuite>